#
# There is insufficient memory for the Java Runtime Environment to continue.
# Native memory allocation (mmap) failed to map 134217728 bytes for G1 virtual space
# Possible reasons:
#   The system is out of physical RAM or swap space
#   The process is running with CompressedOops enabled, and the Java Heap may be blocking the growth of the native heap
# Possible solutions:
#   Reduce memory load on the system
#   Increase physical memory or swap space
#   Check if swap backing store is full
#   Decrease Java heap size (-Xmx/-Xms)
#   Decrease number of Java threads
#   Decrease Java thread stack sizes (-Xss)
#   Set larger code cache with -XX:ReservedCodeCacheSize=
#   JVM is running with Unscaled Compressed Oops mode in which the Java heap is
#     placed in the first 4GB address space. The Java Heap base address is the
#     maximum limit for the native heap growth. Please use -XX:HeapBaseMinAddress
#     to set the Java Heap base and to place the Java Heap above 4GB virtual address.
# This output file may be truncated or incomplete.
#
#  Out of Memory Error (./open/src/hotspot/os/windows/os_windows.cpp:3472), pid=39396, tid=37236
#
# JRE version:  (15.0.1+9) (build )
# Java VM: OpenJDK 64-Bit Server VM (15.0.1+9-18, mixed mode, sharing, tiered, compressed oops, g1 gc, windows-amd64)
# No core dump will be written. Minidumps are not enabled by default on client versions of Windows
#

---------------  S U M M A R Y ------------

Command Line: -Dfile.encoding=UTF-8 -XX:+ShowCodeDetailsInExceptionMessages com.demo.NBATournamentProject.App

Host: Intel(R) Core(TM) i7-10750H CPU @ 2.60GHz, 12 cores, 7G,  Windows 10 , 64 bit Build 22621 (10.0.22621.3235)
Time: Sat Mar 30 23:38:51 2024 Pacific Daylight Time elapsed time: 0.332211 seconds (0d 0h 0m 0s)

---------------  T H R E A D  ---------------

Current thread (0x000002c6f46cee60):  JavaThread "Unknown thread" [_thread_in_vm, id=37236, stack(0x000000c735b00000,0x000000c735c00000)]

Stack: [0x000000c735b00000,0x000000c735c00000]
Native frames: (J=compiled Java code, j=interpreted, Vv=VM code, C=native code)
V  [jvm.dll+0x62ae9a]
V  [jvm.dll+0x781389]
V  [jvm.dll+0x782ae3]
V  [jvm.dll+0x783143]
V  [jvm.dll+0x216265]
V  [jvm.dll+0x6281d9]
V  [jvm.dll+0x61cd15]
V  [jvm.dll+0x2d01fd]
V  [jvm.dll+0x2d0062]
V  [jvm.dll+0x2d603c]
V  [jvm.dll+0x325b2a]
V  [jvm.dll+0x3251f4]
V  [jvm.dll+0x2a717a]
V  [jvm.dll+0x2a8318]
V  [jvm.dll+0x75e101]
V  [jvm.dll+0x3343e4]
V  [jvm.dll+0x73e826]
V  [jvm.dll+0x3b7777]
V  [jvm.dll+0x3b9201]
C  [jli.dll+0x52fb]
C  [ucrtbase.dll+0x29363]
C  [KERNEL32.DLL+0x1257d]
C  [ntdll.dll+0x5aa58]


---------------  P R O C E S S  ---------------

Threads class SMR info:
_java_thread_list=0x00007ffdb8554ff0, length=0, elements={
}

Java Threads: ( => current thread )

Other Threads:
  0x000002c6f470e5c0 GCTaskThread "GC Thread#0" [stack: 0x000000c735c00000,0x000000c735d00000] [id=24416]
  0x000002c6f471f5a0 ConcurrentGCThread "G1 Main Marker" [stack: 0x000000c735d00000,0x000000c735e00000] [id=41732]
  0x000002c6f4720d00 ConcurrentGCThread "G1 Conc#0" [stack: 0x000000c735e00000,0x000000c735f00000] [id=39412]

[error occurred during error reporting (printing all threads), id 0xc0000005, EXCEPTION_ACCESS_VIOLATION (0xc0000005) at pc=0x00007ffdb7d48047]

VM state: not at safepoint (not fully initialized)

VM Mutex/Monitor currently owned by a thread:  ([mutex/lock_event])
[0x000002c6f46c9f10] Heap_lock - owner thread: 0x000002c6f46cee60

Heap address: 0x0000000081600000, size: 2026 MB, Compressed Oops mode: 32-bit
CDS archive(s) mapped at: [0x0000000000000000-0x0000000000000000-0x0000000000000000), size 0, SharedBaseAddress: 0x0000000800000000, ArchiveRelocationMode: 0.
Narrow klass base: 0x0000000000000000, Narrow klass shift: 0, Narrow klass range: 0x0

Heap:
 garbage-first heap   total 131072K, used 0K [0x0000000081600000, 0x0000000100000000)
  region size 1024K, 0 young (0K), 0 survivors (0K)
 Metaspace       used 0K, capacity 0K, committed 0K, reserved 0K
  class space    used 0K, capacity 0K, committed 0K, reserved 0K

Heap Regions: E=young(eden), S=young(survivor), O=old, HS=humongous(starts), HC=humongous(continues), CS=collection set, F=free, OA=open archive, CA=closed archive, TAMS=top-at-mark-start (previous, next)

Card table byte_map: [0x000002c6f8a00000,0x000002c6f8e00000] _byte_map_base: 0x000002c6f85f5000

Marking Bits (Prev, Next): (CMBitMap*) 0x000002c6f470edb0, (CMBitMap*) 0x000002c6f470edf0
 Prev Bits: [0x000002c6f9200000, 0x000002c6fb1a8000)
 Next Bits: [0x000002c6fb1b0000, 0x000002c6fd158000)

GC Heap History (0 events):
No events

Deoptimization events (0 events):
No events

Classes unloaded (0 events):
No events

Classes redefined (0 events):
No events

Internal exceptions (0 events):
No events

Events (1 events):
Event: 0.010 Loaded shared library C:\Users\timso\.p2\pool\plugins\org.eclipse.justj.openjdk.hotspot.jre.full.win32.x86_64_15.0.1.v20201027-0507\jre\bin\java.dll


Dynamic libraries:
0x00007ff72fea0000 - 0x00007ff72fead000 	C:\Users\timso\.p2\pool\plugins\org.eclipse.justj.openjdk.hotspot.jre.full.win32.x86_64_15.0.1.v20201027-0507\jre\bin\javaw.exe
0x00007ffe1e6d0000 - 0x00007ffe1e8e6000 	C:\WINDOWS\SYSTEM32\ntdll.dll
0x00007ffe1cab0000 - 0x00007ffe1cb74000 	C:\WINDOWS\System32\KERNEL32.DLL
0x00007ffe1ba10000 - 0x00007ffe1bdb6000 	C:\WINDOWS\System32\KERNELBASE.dll
0x00000000521b0000 - 0x00000000524e1000 	C:\Program Files\Norton Security\NortonData\22.22.4.11\Definitions\IPSDefs\20230620.061\IPSEng64.dll
0x00007ffe1c7e0000 - 0x00007ffe1c892000 	C:\WINDOWS\System32\ADVAPI32.dll
0x00007ffe1d8e0000 - 0x00007ffe1d987000 	C:\WINDOWS\System32\msvcrt.dll
0x00007ffe1d000000 - 0x00007ffe1d0a8000 	C:\WINDOWS\System32\sechost.dll
0x00007ffe1c3f0000 - 0x00007ffe1c418000 	C:\WINDOWS\System32\bcrypt.dll
0x00007ffe1c6c0000 - 0x00007ffe1c7d5000 	C:\WINDOWS\System32\RPCRT4.dll
0x00007ffe1d6d0000 - 0x00007ffe1d6d8000 	C:\WINDOWS\System32\PSAPI.DLL
0x00007ffe1bdc0000 - 0x00007ffe1bed1000 	C:\WINDOWS\System32\ucrtbase.dll
0x00007ffe16e80000 - 0x00007ffe16e99000 	C:\Users\timso\.p2\pool\plugins\org.eclipse.justj.openjdk.hotspot.jre.full.win32.x86_64_15.0.1.v20201027-0507\jre\bin\VCRUNTIME140.dll
0x00007ffe16f10000 - 0x00007ffe16f28000 	C:\Users\timso\.p2\pool\plugins\org.eclipse.justj.openjdk.hotspot.jre.full.win32.x86_64_15.0.1.v20201027-0507\jre\bin\jli.dll
0x00007ffe1c900000 - 0x00007ffe1caad000 	C:\WINDOWS\System32\USER32.dll
0x00007ffe07dc0000 - 0x00007ffe08053000 	C:\WINDOWS\WinSxS\amd64_microsoft.windows.common-controls_6595b64144ccf1df_6.0.22621.3235_none_270f74e173860f98\COMCTL32.dll
0x00007ffe1c3c0000 - 0x00007ffe1c3e6000 	C:\WINDOWS\System32\win32u.dll
0x00007ffe1c5b0000 - 0x00007ffe1c5d9000 	C:\WINDOWS\System32\GDI32.dll
0x00007ffe1bee0000 - 0x00007ffe1bff8000 	C:\WINDOWS\System32\gdi32full.dll
0x00007ffe1c000000 - 0x00007ffe1c09a000 	C:\WINDOWS\System32\msvcp_win.dll
0x00007ffe1e550000 - 0x00007ffe1e581000 	C:\WINDOWS\System32\IMM32.DLL
0x00007ffe16ee0000 - 0x00007ffe16eec000 	C:\Users\timso\.p2\pool\plugins\org.eclipse.justj.openjdk.hotspot.jre.full.win32.x86_64_15.0.1.v20201027-0507\jre\bin\vcruntime140_1.dll
0x00007ffe0b420000 - 0x00007ffe0b4b1000 	C:\Users\timso\.p2\pool\plugins\org.eclipse.justj.openjdk.hotspot.jre.full.win32.x86_64_15.0.1.v20201027-0507\jre\bin\msvcp140.dll
0x00007ffdb7a90000 - 0x00007ffdb85ee000 	C:\Users\timso\.p2\pool\plugins\org.eclipse.justj.openjdk.hotspot.jre.full.win32.x86_64_15.0.1.v20201027-0507\jre\bin\server\jvm.dll
0x00007ffe13070000 - 0x00007ffe130a4000 	C:\WINDOWS\SYSTEM32\WINMM.dll
0x00007ffe00470000 - 0x00007ffe00479000 	C:\WINDOWS\SYSTEM32\WSOCK32.dll
0x00007ffe1d0b0000 - 0x00007ffe1d121000 	C:\WINDOWS\System32\WS2_32.dll
0x00007ffe11020000 - 0x00007ffe1102a000 	C:\WINDOWS\SYSTEM32\VERSION.dll
0x00007ffe1aa10000 - 0x00007ffe1aa28000 	C:\WINDOWS\SYSTEM32\kernel.appcore.dll
0x00007ffe16ca0000 - 0x00007ffe16caa000 	C:\Users\timso\.p2\pool\plugins\org.eclipse.justj.openjdk.hotspot.jre.full.win32.x86_64_15.0.1.v20201027-0507\jre\bin\jimage.dll
0x00007ffe18ae0000 - 0x00007ffe18d13000 	C:\WINDOWS\SYSTEM32\DBGHELP.DLL
0x00007ffe1d2c0000 - 0x00007ffe1d648000 	C:\WINDOWS\System32\combase.dll
0x00007ffe1c5e0000 - 0x00007ffe1c6b7000 	C:\WINDOWS\System32\OLEAUT32.dll
0x00007ffe04e90000 - 0x00007ffe04ec2000 	C:\WINDOWS\SYSTEM32\dbgcore.DLL
0x00007ffe1c340000 - 0x00007ffe1c3ba000 	C:\WINDOWS\System32\bcryptPrimitives.dll
0x00007ffe14ce0000 - 0x00007ffe14d05000 	C:\Users\timso\.p2\pool\plugins\org.eclipse.justj.openjdk.hotspot.jre.full.win32.x86_64_15.0.1.v20201027-0507\jre\bin\java.dll

dbghelp: loaded successfully - version: 4.0.5 - missing functions: none
symbol engine: initialized successfully - sym options: 0x614 - pdb path: .;C:\Users\timso\.p2\pool\plugins\org.eclipse.justj.openjdk.hotspot.jre.full.win32.x86_64_15.0.1.v20201027-0507\jre\bin;C:\WINDOWS\SYSTEM32;C:\Program Files\Norton Security\NortonData\22.22.4.11\Definitions\IPSDefs\20230620.061;C:\WINDOWS\WinSxS\amd64_microsoft.windows.common-controls_6595b64144ccf1df_6.0.22621.3235_none_270f74e173860f98;C:\Users\timso\.p2\pool\plugins\org.eclipse.justj.openjdk.hotspot.jre.full.win32.x86_64_15.0.1.v20201027-0507\jre\bin\server

VM Arguments:
jvm_args: -Dfile.encoding=UTF-8 -XX:+ShowCodeDetailsInExceptionMessages 
java_command: com.demo.NBATournamentProject.App
java_class_path (initial): C:\Users\timso\eclipse-workspace\NBATournamentProject\target\classes;C:\Users\timso\.m2\repository\org\apache\logging\log4j\log4j-core\2.14.1\log4j-core-2.14.1.jar;C:\Users\timso\.m2\repository\org\apache\logging\log4j\log4j-api\2.14.1\log4j-api-2.14.1.jar;C:\Users\timso\.m2\repository\org\apache\poi\poi\5.2.4\poi-5.2.4.jar;C:\Users\timso\.m2\repository\commons-codec\commons-codec\1.16.0\commons-codec-1.16.0.jar;C:\Users\timso\.m2\repository\org\apache\commons\commons-collections4\4.4\commons-collections4-4.4.jar;C:\Users\timso\.m2\repository\org\apache\commons\commons-math3\3.6.1\commons-math3-3.6.1.jar;C:\Users\timso\.m2\repository\commons-io\commons-io\2.13.0\commons-io-2.13.0.jar;C:\Users\timso\.m2\repository\com\zaxxer\SparseBitSet\1.3\SparseBitSet-1.3.jar;C:\Users\timso\.m2\repository\org\apache\poi\poi-ooxml\5.2.4\poi-ooxml-5.2.4.jar;C:\Users\timso\.m2\repository\org\apache\poi\poi-ooxml-lite\5.2.4\poi-ooxml-lite-5.2.4.jar;C:\Users\timso\.m2\repository\org\apache\xmlbeans\xmlbeans\5.1.1\xmlbeans-5.1.1.jar;C:\Users\timso\.m2\repository\org\apache\commons\commons-compress\1.24.0\commons-compress-1.24.0.jar;C:\Users\timso\.m2\repository\com\github\virtuald\curvesapi\1.08\curvesapi-1.08.jar
Launcher Type: SUN_STANDARD

[Global flags]
     intx CICompilerCount                          = 4                                         {product} {ergonomic}
     uint ConcGCThreads                            = 3                                         {product} {ergonomic}
     uint G1ConcRefinementThreads                  = 10                                        {product} {ergonomic}
   size_t G1HeapRegionSize                         = 1048576                                   {product} {ergonomic}
    uintx GCDrainStackTargetSize                   = 64                                        {product} {ergonomic}
   size_t InitialHeapSize                          = 134217728                                 {product} {ergonomic}
   size_t MarkStackSize                            = 4194304                                   {product} {ergonomic}
   size_t MaxHeapSize                              = 2124414976                                {product} {ergonomic}
   size_t MinHeapDeltaBytes                        = 1048576                                   {product} {ergonomic}
   size_t MinHeapSize                              = 8388608                                   {product} {ergonomic}
    uintx NonNMethodCodeHeapSize                   = 5839372                                {pd product} {ergonomic}
    uintx NonProfiledCodeHeapSize                  = 122909434                              {pd product} {ergonomic}
    uintx ProfiledCodeHeapSize                     = 122909434                              {pd product} {ergonomic}
    uintx ReservedCodeCacheSize                    = 251658240                              {pd product} {ergonomic}
     bool SegmentedCodeCache                       = true                                      {product} {ergonomic}
     bool ShowCodeDetailsInExceptionMessages       = true                                   {manageable} {command line}
   size_t SoftMaxHeapSize                          = 2124414976                             {manageable} {ergonomic}
     bool UseCompressedClassPointers               = true                                 {lp64_product} {ergonomic}
     bool UseCompressedOops                        = true                                 {lp64_product} {ergonomic}
     bool UseG1GC                                  = true                                      {product} {ergonomic}
     bool UseLargePagesIndividualAllocation        = false                                  {pd product} {ergonomic}

Logging:
Log output configuration:
 #0: stdout all=warning uptime,level,tags
 #1: stderr all=off uptime,level,tags

Environment Variables:
CLASSPATH=C:\JavaLib\antlr-4.7.1-complete.jar
PATH=C:/Users/timso/.p2/pool/plugins/org.eclipse.justj.openjdk.hotspot.jre.full.win32.x86_64_17.0.5.v20221102-0933/jre/bin/server;C:/Users/timso/.p2/pool/plugins/org.eclipse.justj.openjdk.hotspot.jre.full.win32.x86_64_17.0.5.v20221102-0933/jre/bin;C:\Program Files (x86)\VMware\VMware Player\bin\;C:\msys64\mingw64\bin;C:\Program Files\Common Files\Oracle\Java\javapath;C:\Program Files (x86)\Common Files\Oracle\Java\javapath;C:\Windows\system32;C:\Windows;C:\Windows\System32\Wbem;C:\Windows\System32\WindowsPowerShell\v1.0\;C:\Windows\System32\OpenSSH\;C:\Program Files (x86)\NVIDIA Corporation\PhysX\Common;C:\Program Files\NVIDIA Corporation\NVIDIA NvDLISR;C:\WINDOWS\system32;C:\WINDOWS;C:\WINDOWS\System32\Wbem;C:\WINDOWS\System32\WindowsPowerShell\v1.0\;C:\WINDOWS\System32\OpenSSH\;C:\Program Files\dotnet\;C:\Program Files\Microsoft SQL Server\130\Tools\Binn\;C:\Program Files\Microsoft SQL Server\150\Tools\Binn\;C:\HashiCorp\Vagrant\bin;C:\Program Files\Git\cmd;C:\Users\timso\AppData\Local\Microsoft\WindowsApps;D:\Visual Studio Code\Microsoft VS Code\bin;C:\Users\timso\.dotnet\tools;C:\Users\timso\AppData\Local\Programs\Microsoft VS Code\bin;C:\JavaLib\antlr-4.7.1-complete.jar;C:\JavaLib;C:\Program Files\Java\jdk1.8.0_361\bin;C:\Users\timso\AppData\Local\Coursier\data\bin;C:\ProgramData\timso\GitHubDesktop\bin;C:\flutter\flutter\bin;C:\Program Files\Java\jdk-21\bin;;C:\WINDOWS\system32;
USERNAME=timso
OS=Windows_NT
PROCESSOR_IDENTIFIER=Intel64 Family 6 Model 165 Stepping 2, GenuineIntel



---------------  S Y S T E M  ---------------

OS:
 Windows 10 , 64 bit Build 22621 (10.0.22621.3235)
OS uptime: 4 days 3:08 hours
HyperV virtualization detected

CPU: total 12 (initial active 12) (6 cores per cpu, 2 threads per core) family 6 model 165 stepping 2 microcode 0xea, cmov, cx8, fxsr, mmx, sse, sse2, sse3, ssse3, sse4.1, sse4.2, popcnt, vzeroupper, avx, avx2, aes, clmul, erms, 3dnowpref, lzcnt, ht, tsc, tscinvbit, bmi1, bmi2, adx, fma, clflush, clflushopt

Memory: 4k page, system-wide physical 8099M (372M free)
TotalPageFile size 32675M (AvailPageFile size 18M)
current process WorkingSet (physical memory assigned to process): 12M, peak: 12M
current process commit charge ("private bytes"): 65M, peak: 192M

vm_info: OpenJDK 64-Bit Server VM (15.0.1+9-18) for windows-amd64 JRE (15.0.1+9-18), built on Sep 15 2020 14:39:31 by "mach5one" with unknown MS VC++:1925

END.
